Rufus x86 v3.18.1877 (Portable)
Windows version: Windows 11 Pro, 64-bit (Build 22000.493)
Syslinux versions: 4.07/2013-07-25, 6.04/pre1
Grub versions: 0.4.6a, 2.06
System locale ID: 0x0409 (en-US)
Will use default UI locale 0x0409
SetLGP: Successfully set NoDriveTypeAutorun policy to 0x0000009E
Localization set to 'en-US'
Found USB 3.0 device 'TOSHIBA USB FLASH DRIVE USB Device' (0930:6545)
1 device found
Disk type: Removable, Disk size: 64 GB, Sector size: 512 bytes
Cylinders: 7595, Tracks per cylinder: 255, Sectors per track: 63
Partition type: MBR, NB Partitions: 1
Disk ID: 0x4B096B00
Drive has a Windows 2000/XP/2003 Master Boot Record
Partition 1:
  Type: NTFS (0x07)
  Detected File System: NTFS
  Size: 58.2 GB (62472060928 bytes)
  Start Sector: 2048, Boot: No
Checking for Rufus updates...
Checking release channel...
No new release version found.
